<?xml version="1.0" encoding="UTF-8" ?>
<testsuite failures="0" time="0.078" errors="0" skipped="1" tests="1" name="com.cxmlpunchout.db.OrderCreatePeerTest">
  <properties>
    <property name="db.admin.jdbc.url" value="jdbc:mysql://localhost/SE_ADMIN?createDatabaseIfNotExist=true&amp;amp;zeroDateTimeBehavior=round&amp;amp;useUnicode=true&amp;amp;characterEncoding=utf-8"/>
    <property name="java.runtime.name" value="Java(TM) SE Runtime Environment"/>
    <property name="sun.boot.library.path" value="C:\Program Files\Java\jdk1.6.0_20\jre\bin"/>
    <property name="java.vm.version" value="16.3-b01"/>
    <property name="java.vm.vendor" value="Sun Microsystems Inc."/>
    <property name="java.vendor.url" value="http://java.sun.com/"/>
    <property name="path.separator" value=";"/>
    <property name="java.vm.name" value="Java HotSpot(TM) Client VM"/>
    <property name="file.encoding.pkg" value="sun.io"/>
    <property name="user.country" value="US"/>
    <property name="sun.java.launcher" value="SUN_STANDARD"/>
    <property name="sun.os.patch.level" value="Service Pack 3"/>
    <property name="java.vm.specification.name" value="Java Virtual Machine Specification"/>
    <property name="user.dir" value="D:\SmartEquipWorkArea\Interface Projects\project_xcblpunchoutinterface\core-cxmlpunchout-interface"/>
    <property name="java.runtime.version" value="1.6.0_20-b02"/>
    <property name="java.awt.graphicsenv" value="sun.awt.Win32GraphicsEnvironment"/>
    <property name="basedir" value="D:\SmartEquipWorkArea\Interface Projects\project_xcblpunchoutinterface\core-cxmlpunchout-interface"/>
    <property name="java.endorsed.dirs" value="C:\Program Files\Java\jdk1.6.0_20\jre\lib\endorsed"/>
    <property name="os.arch" value="x86"/>
    <property name="surefire.real.class.path" value="C:\DOCUME~1\SUREND~1.IN\LOCALS~1\Temp\surefirebooter1604240559659341899.jar"/>
    <property name="java.io.tmpdir" value="C:\DOCUME~1\SUREND~1.IN\LOCALS~1\Temp\"/>
    <property name="line.separator" value="
"/>
    <property name="java.vm.specification.vendor" value="Sun Microsystems Inc."/>
    <property name="user.variant" value=""/>
    <property name="os.name" value="Windows XP"/>
    <property name="sun.jnu.encoding" value="Cp1252"/>
    <property name="java.library.path" value="C:\Program Files\Java\jdk1.6.0_20\jre\bin;.;C:\WINDOWS\Sun\Java\bin;C:\WINDOWS\system32;C:\WINDOWS;C:\WINDOWS\system32;C:\WINDOWS;C:\WINDOWS\System32\Wbem;d:\project\softwares\apache-ant-1.7.0\bin;c:\Program Files\Java\jdk1.5.0_20\lib\tools.jar;C:\WINDOWS\system32\WindowsPowerShell\v1.0;C:\Program Files\SourceGear\Common\DiffMerge\;C:\Program Files\Java\jdk1.6.0_20\jre\bin;C:\Program Files\TortoiseSVN\bin;C:\WINDOWS\system32;C:\WINDOWS;C:\WINDOWS\System32\Wbem;C:\Program Files\TortoiseSVN\bin;C:\development\apache-maven-2.2.1\bin;C:\Program Files\Java\jdk1.6.0_20\bin;D:\SmartEquipWorkArea\Ant\apache-ant-1.8.2\bin;D:\COE\Softwares\grails-1.3.7\bin"/>
    <property name="surefire.test.class.path" value="D:\SmartEquipWorkArea\Interface Projects\project_xcblpunchoutinterface\core-cxmlpunchout-interface\target\test-classes;D:\SmartEquipWorkArea\Interface Projects\project_xcblpunchoutinterface\core-cxmlpunchout-interface\target\classes;C:\Documents and Settings\surendranadhp.IN\.m2\repository\log4j\log4j\1.2.9\log4j-1.2.9.jar;C:\Documents and Settings\surendranadhp.IN\.m2\repository\javax\servlet\servlet-api\2.3\servlet-api-2.3.jar;C:\Documents and Settings\surendranadhp.IN\.m2\repository\dom4j\dom4j\1.6.1\dom4j-1.6.1.jar;C:\Documents and Settings\surendranadhp.IN\.m2\repository\xml-apis\xml-apis\1.0.b2\xml-apis-1.0.b2.jar;C:\Documents and Settings\surendranadhp.IN\.m2\repository\com\smartequip\interface\core-interface-common\1.0.0.0\core-interface-common-1.0.0.0.jar;C:\Documents and Settings\surendranadhp.IN\.m2\repository\axis\axis\1.4\axis-1.4.jar;C:\Documents and Settings\surendranadhp.IN\.m2\repository\org\apache\axis\axis-jaxrpc\1.4\axis-jaxrpc-1.4.jar;C:\Documents and Settings\surendranadhp.IN\.m2\repository\org\apache\axis\axis-saaj\1.4\axis-saaj-1.4.jar;C:\Documents and Settings\surendranadhp.IN\.m2\repository\axis\axis-wsdl4j\1.5.1\axis-wsdl4j-1.5.1.jar;C:\Documents and Settings\surendranadhp.IN\.m2\repository\commons-logging\commons-logging\1.1.1\commons-logging-1.1.1.jar;C:\Documents and Settings\surendranadhp.IN\.m2\repository\commons-discovery\commons-discovery\0.4\commons-discovery-0.4.jar;C:\Documents and Settings\surendranadhp.IN\.m2\repository\org\jdom\jdom\1.1\jdom-1.1.jar;C:\Documents and Settings\surendranadhp.IN\.m2\repository\xerces\xercesImpl\2.8.1\xercesImpl-2.8.1.jar;C:\Documents and Settings\surendranadhp.IN\.m2\repository\xalan\xalan\2.7.1\xalan-2.7.1.jar;C:\Documents and Settings\surendranadhp.IN\.m2\repository\xalan\serializer\2.7.1\serializer-2.7.1.jar;C:\Documents and Settings\surendranadhp.IN\.m2\repository\wsdl4j\wsdl4j\1.5.2\wsdl4j-1.5.2.jar;C:\Documents and Settings\surendranadhp.IN\.m2\repository\jug\jug-asl\2.0.0\jug-asl-2.0.0.jar;C:\Documents and Settings\surendranadhp.IN\.m2\repository\commons-beanutils\commons-beanutils\1.6\commons-beanutils-1.6.jar;C:\Documents and Settings\surendranadhp.IN\.m2\repository\commons-lang\commons-lang\2.4\commons-lang-2.4.jar;C:\Documents and Settings\surendranadhp.IN\.m2\repository\commons-validator\commons-validator\1.3.1\commons-validator-1.3.1.jar;C:\Documents and Settings\surendranadhp.IN\.m2\repository\commons-digester\commons-digester\2.0\commons-digester-2.0.jar;C:\Documents and Settings\surendranadhp.IN\.m2\repository\crimson\crimson\1.1.3\crimson-1.1.3.jar;C:\Documents and Settings\surendranadhp.IN\.m2\repository\commons-codec\commons-codec\1.4\commons-codec-1.4.jar;C:\Documents and Settings\surendranadhp.IN\.m2\repository\commons-collections\commons-collections\3.2.1\commons-collections-3.2.1.jar;C:\Documents and Settings\surendranadhp.IN\.m2\repository\javax\xml\bind\jaxb-api\2.1\jaxb-api-2.1.jar;C:\Documents and Settings\surendranadhp.IN\.m2\repository\javax\xml\stream\stax-api\1.0-2\stax-api-1.0-2.jar;C:\Documents and Settings\surendranadhp.IN\.m2\repository\javax\activation\activation\1.1\activation-1.1.jar;C:\Documents and Settings\surendranadhp.IN\.m2\repository\junit\junit\4.8.1\junit-4.8.1.jar;C:\Documents and Settings\surendranadhp.IN\.m2\repository\com\smartequip\common\core\2.4.0\core-2.4.0.jar;C:\Documents and Settings\surendranadhp.IN\.m2\repository\com\smartequip\common\core-model-stubs\2.4.0\core-model-stubs-2.4.0.jar;C:\Documents and Settings\surendranadhp.IN\.m2\repository\java\sun\fscontext\1.2-beta3\fscontext-1.2-beta3.jar;C:\Documents and Settings\surendranadhp.IN\.m2\repository\java\sun\providerutil\1.2-beta3\providerutil-1.2-beta3.jar;C:\Documents and Settings\surendranadhp.IN\.m2\repository\org\sonatype\plexus\plexus-sec-dispatcher\1.3\plexus-sec-dispatcher-1.3.jar;C:\Documents and Settings\surendranadhp.IN\.m2\repository\org\codehaus\plexus\plexus-utils\1.5.5\plexus-utils-1.5.5.jar;C:\Documents and Settings\surendranadhp.IN\.m2\repository\org\sonatype\plexus\plexus-cipher\1.4\plexus-cipher-1.4.jar;C:\Documents and Settings\surendranadhp.IN\.m2\repository\plexus\plexus-log4j-logging\1.0\plexus-log4j-logging-1.0.jar;C:\Documents and Settings\surendranadhp.IN\.m2\repository\plexus\plexus-container-default\1.0-alpha-2\plexus-container-default-1.0-alpha-2.jar;C:\Documents and Settings\surendranadhp.IN\.m2\repository\org\codehaus\btm\btm\1.3.3\btm-1.3.3.jar;C:\Documents and Settings\surendranadhp.IN\.m2\repository\org\apache\geronimo\specs\geronimo-jms_1.1_spec\1.0.1\geronimo-jms_1.1_spec-1.0.1.jar;C:\Documents and Settings\surendranadhp.IN\.m2\repository\org\apache\geronimo\specs\geronimo-jta_1.0.1B_spec\1.0.1\geronimo-jta_1.0.1B_spec-1.0.1.jar;C:\Documents and Settings\surendranadhp.IN\.m2\repository\org\slf4j\slf4j-api\1.6.1\slf4j-api-1.6.1.jar;C:\Documents and Settings\surendranadhp.IN\.m2\repository\org\apache\httpcomponents\httpclient\4.0.1\httpclient-4.0.1.jar;C:\Documents and Settings\surendranadhp.IN\.m2\repository\org\apache\httpcomponents\httpcore\4.0.1\httpcore-4.0.1.jar;C:\Documents and Settings\surendranadhp.IN\.m2\repository\org\apache\httpcomponents\httpmime\4.0.1\httpmime-4.0.1.jar;C:\Documents and Settings\surendranadhp.IN\.m2\repository\org\apache\james\apache-mime4j\0.6\apache-mime4j-0.6.jar;C:\Documents and Settings\surendranadhp.IN\.m2\repository\net\sf\ehcache\ehcache\1.6.0\ehcache-1.6.0.jar;C:\Documents and Settings\surendranadhp.IN\.m2\repository\commons-configuration\commons-configuration\1.6\commons-configuration-1.6.jar;C:\Documents and Settings\surendranadhp.IN\.m2\repository\commons-beanutils\commons-beanutils-core\1.8.0\commons-beanutils-core-1.8.0.jar;C:\Documents and Settings\surendranadhp.IN\.m2\repository\mysql\mysql-connector-java\5.1.12\mysql-connector-java-5.1.12.jar;C:\Documents and Settings\surendranadhp.IN\.m2\repository\commons-pool\commons-pool\1.5.4\commons-pool-1.5.4.jar;C:\Documents and Settings\surendranadhp.IN\.m2\repository\commons-io\commons-io\1.4\commons-io-1.4.jar;C:\Documents and Settings\surendranadhp.IN\.m2\repository\commons-httpclient\commons-httpclient\3.1\commons-httpclient-3.1.jar;C:\Documents and Settings\surendranadhp.IN\.m2\repository\org\hibernate\hibernate-core\3.5.5-Final\hibernate-core-3.5.5-Final.jar;C:\Documents and Settings\surendranadhp.IN\.m2\repository\antlr\antlr\2.7.6\antlr-2.7.6.jar;C:\Documents and Settings\surendranadhp.IN\.m2\repository\javax\transaction\jta\1.1\jta-1.1.jar;C:\Documents and Settings\surendranadhp.IN\.m2\repository\org\hibernate\hibernate-jmx\3.5.5-Final\hibernate-jmx-3.5.5-Final.jar;C:\Documents and Settings\surendranadhp.IN\.m2\repository\org\hibernate\hibernate-annotations\3.5.5-Final\hibernate-annotations-3.5.5-Final.jar;C:\Documents and Settings\surendranadhp.IN\.m2\repository\org\hibernate\hibernate-commons-annotations\3.2.0.Final\hibernate-commons-annotations-3.2.0.Final.jar;C:\Documents and Settings\surendranadhp.IN\.m2\repository\org\hibernate\javax\persistence\hibernate-jpa-2.0-api\1.0.0.Final\hibernate-jpa-2.0-api-1.0.0.Final.jar;C:\Documents and Settings\surendranadhp.IN\.m2\repository\org\hibernate\hibernate-search\3.2.0.Final\hibernate-search-3.2.0.Final.jar;C:\Documents and Settings\surendranadhp.IN\.m2\repository\org\apache\lucene\lucene-core\2.9.2\lucene-core-2.9.2.jar;C:\Documents and Settings\surendranadhp.IN\.m2\repository\org\apache\solr\solr-core\1.4.0\solr-core-1.4.0.jar;C:\Documents and Settings\surendranadhp.IN\.m2\repository\org\apache\solr\solr-solrj\1.4.0\solr-solrj-1.4.0.jar;C:\Documents and Settings\surendranadhp.IN\.m2\repository\org\apache\lucene\lucene-snowball\2.9.2\lucene-snowball-2.9.2.jar;C:\Documents and Settings\surendranadhp.IN\.m2\repository\org\apache\lucene\lucene-analyzers\2.9.2\lucene-analyzers-2.9.2.jar;C:\Documents and Settings\surendranadhp.IN\.m2\repository\cglib\cglib\2.2\cglib-2.2.jar;C:\Documents and Settings\surendranadhp.IN\.m2\repository\asm\asm\3.1\asm-3.1.jar;C:\Documents and Settings\surendranadhp.IN\.m2\repository\asm\asm-all\3.2\asm-all-3.2.jar;C:\Documents and Settings\surendranadhp.IN\.m2\repository\javassist\javassist\3.4.GA\javassist-3.4.GA.jar;C:\Documents and Settings\surendranadhp.IN\.m2\repository\org\slf4j\slf4j-log4j12\1.6.1\slf4j-log4j12-1.6.1.jar;C:\Documents and Settings\surendranadhp.IN\.m2\repository\javax\persistence\persistence-api\1.0\persistence-api-1.0.jar;C:\Documents and Settings\surendranadhp.IN\.m2\repository\org\springframework\spring-core\3.0.4.RELEASE\spring-core-3.0.4.RELEASE.jar;C:\Documents and Settings\surendranadhp.IN\.m2\repository\org\springframework\spring-asm\3.0.4.RELEASE\spring-asm-3.0.4.RELEASE.jar;C:\Documents and Settings\surendranadhp.IN\.m2\repository\org\springframework\spring-beans\3.0.4.RELEASE\spring-beans-3.0.4.RELEASE.jar;C:\Documents and Settings\surendranadhp.IN\.m2\repository\org\springframework\spring-jdbc\3.0.4.RELEASE\spring-jdbc-3.0.4.RELEASE.jar;C:\Documents and Settings\surendranadhp.IN\.m2\repository\org\springframework\spring-tx\3.0.4.RELEASE\spring-tx-3.0.4.RELEASE.jar;C:\Documents and Settings\surendranadhp.IN\.m2\repository\aopalliance\aopalliance\1.0\aopalliance-1.0.jar;C:\Documents and Settings\surendranadhp.IN\.m2\repository\org\springframework\spring-aop\3.0.4.RELEASE\spring-aop-3.0.4.RELEASE.jar;C:\Documents and Settings\surendranadhp.IN\.m2\repository\org\springframework\spring-context\3.0.4.RELEASE\spring-context-3.0.4.RELEASE.jar;C:\Documents and Settings\surendranadhp.IN\.m2\repository\org\springframework\spring-expression\3.0.4.RELEASE\spring-expression-3.0.4.RELEASE.jar;C:\Documents and Settings\surendranadhp.IN\.m2\repository\org\springframework\spring-orm\3.0.4.RELEASE\spring-orm-3.0.4.RELEASE.jar;C:\Documents and Settings\surendranadhp.IN\.m2\repository\org\springframework\spring-aspects\3.0.4.RELEASE\spring-aspects-3.0.4.RELEASE.jar;C:\Documents and Settings\surendranadhp.IN\.m2\repository\org\springframework\spring-context-support\3.0.4.RELEASE\spring-context-support-3.0.4.RELEASE.jar;C:\Documents and Settings\surendranadhp.IN\.m2\repository\org\springframework\spring-test\3.0.4.RELEASE\spring-test-3.0.4.RELEASE.jar;C:\Documents and Settings\surendranadhp.IN\.m2\repository\org\springmodules\spring-modules-jakarta-commons\0.8a\spring-modules-jakarta-commons-0.8a.jar;C:\Documents and Settings\surendranadhp.IN\.m2\repository\commons-chain\commons-chain\1.1\commons-chain-1.1.jar;C:\Documents and Settings\surendranadhp.IN\.m2\repository\javax\portlet\portlet-api\1.0\portlet-api-1.0.jar;C:\Documents and Settings\surendranadhp.IN\.m2\repository\myfaces\myfaces-api\1.1.0\myfaces-api-1.1.0.jar;C:\Documents and Settings\surendranadhp.IN\.m2\repository\commons-el\commons-el\1.0\commons-el-1.0.jar;C:\Documents and Settings\surendranadhp.IN\.m2\repository\commons-fileupload\commons-fileupload\1.2.2\commons-fileupload-1.2.2.jar;C:\Documents and Settings\surendranadhp.IN\.m2\repository\oro\oro\2.0.8\oro-2.0.8.jar;C:\Documents and Settings\surendranadhp.IN\.m2\repository\javax\servlet\jstl\1.2\jstl-1.2.jar;C:\Documents and Settings\surendranadhp.IN\.m2\repository\org\springframework\spring-web\3.0.4.RELEASE\spring-web-3.0.4.RELEASE.jar;C:\Documents and Settings\surendranadhp.IN\.m2\repository\org\springframework\spring-webmvc\3.0.4.RELEASE\spring-webmvc-3.0.4.RELEASE.jar;C:\Documents and Settings\surendranadhp.IN\.m2\repository\com\thoughtworks\xstream\xstream\1.3.1\xstream-1.3.1.jar;C:\Documents and Settings\surendranadhp.IN\.m2\repository\xpp3\xpp3_min\1.1.4c\xpp3_min-1.1.4c.jar;C:\Documents and Settings\surendranadhp.IN\.m2\repository\xmlunit\xmlunit\1.3\xmlunit-1.3.jar;C:\Documents and Settings\surendranadhp.IN\.m2\repository\org\powermock\api\powermock-api-mockito\1.3.1\powermock-api-mockito-1.3.1.jar;C:\Documents and Settings\surendranadhp.IN\.m2\repository\org\mockito\mockito-all\1.8.0\mockito-all-1.8.0.jar;C:\Documents and Settings\surendranadhp.IN\.m2\repository\org\powermock\api\powermock-api-support\1.3.1\powermock-api-support-1.3.1.jar;C:\Documents and Settings\surendranadhp.IN\.m2\repository\org\powermock\powermock-core\1.3.1\powermock-core-1.3.1.jar;C:\Documents and Settings\surendranadhp.IN\.m2\repository\org\powermock\reflect\powermock-reflect\1.3.1\powermock-reflect-1.3.1.jar;C:\Documents and Settings\surendranadhp.IN\.m2\repository\org\objenesis\objenesis\1.1\objenesis-1.1.jar;C:\Documents and Settings\surendranadhp.IN\.m2\repository\org\jmock\jmock\2.5.1\jmock-2.5.1.jar;C:\Documents and Settings\surendranadhp.IN\.m2\repository\org\hamcrest\hamcrest-core\1.1\hamcrest-core-1.1.jar;C:\Documents and Settings\surendranadhp.IN\.m2\repository\org\hamcrest\hamcrest-library\1.1\hamcrest-library-1.1.jar;C:\Documents and Settings\surendranadhp.IN\.m2\repository\org\jmock\jmock-junit4\2.5.1\jmock-junit4-2.5.1.jar;C:\Documents and Settings\surendranadhp.IN\.m2\repository\org\subethamail\subethasmtp-wiser\1.2\subethasmtp-wiser-1.2.jar;C:\Documents and Settings\surendranadhp.IN\.m2\repository\org\subethamail\subethasmtp-smtp\1.2\subethasmtp-smtp-1.2.jar;C:\Documents and Settings\surendranadhp.IN\.m2\repository\javax\mail\mail\1.4.3\mail-1.4.3.jar;"/>
    <property name="db.admin.jdbc.password" value="insecure"/>
    <property name="java.specification.name" value="Java Platform API Specification"/>
    <property name="java.class.version" value="50.0"/>
    <property name="sun.management.compiler" value="HotSpot Client Compiler"/>
    <property name="app.configuration.id" value="AUTOTEST.utest"/>
    <property name="os.version" value="5.1"/>
    <property name="db.admin.jdbc.username" value="root"/>
    <property name="user.home" value="C:\Documents and Settings\surendranadhp.IN"/>
    <property name="user.timezone" value=""/>
    <property name="java.awt.printerjob" value="sun.awt.windows.WPrinterJob"/>
    <property name="java.specification.version" value="1.6"/>
    <property name="file.encoding" value="Cp1252"/>
    <property name="jdbc.driverClassName" value="com.mysql.jdbc.jdbc2.optional.MysqlXADataSource"/>
    <property name="user.name" value="Surendranadhp"/>
    <property name="java.class.path" value="D:\SmartEquipWorkArea\Interface Projects\project_xcblpunchoutinterface\core-cxmlpunchout-interface\target\test-classes;D:\SmartEquipWorkArea\Interface Projects\project_xcblpunchoutinterface\core-cxmlpunchout-interface\target\classes;C:\Documents and Settings\surendranadhp.IN\.m2\repository\log4j\log4j\1.2.9\log4j-1.2.9.jar;C:\Documents and Settings\surendranadhp.IN\.m2\repository\javax\servlet\servlet-api\2.3\servlet-api-2.3.jar;C:\Documents and Settings\surendranadhp.IN\.m2\repository\dom4j\dom4j\1.6.1\dom4j-1.6.1.jar;C:\Documents and Settings\surendranadhp.IN\.m2\repository\xml-apis\xml-apis\1.0.b2\xml-apis-1.0.b2.jar;C:\Documents and Settings\surendranadhp.IN\.m2\repository\com\smartequip\interface\core-interface-common\1.0.0.0\core-interface-common-1.0.0.0.jar;C:\Documents and Settings\surendranadhp.IN\.m2\repository\axis\axis\1.4\axis-1.4.jar;C:\Documents and Settings\surendranadhp.IN\.m2\repository\org\apache\axis\axis-jaxrpc\1.4\axis-jaxrpc-1.4.jar;C:\Documents and Settings\surendranadhp.IN\.m2\repository\org\apache\axis\axis-saaj\1.4\axis-saaj-1.4.jar;C:\Documents and Settings\surendranadhp.IN\.m2\repository\axis\axis-wsdl4j\1.5.1\axis-wsdl4j-1.5.1.jar;C:\Documents and Settings\surendranadhp.IN\.m2\repository\commons-logging\commons-logging\1.1.1\commons-logging-1.1.1.jar;C:\Documents and Settings\surendranadhp.IN\.m2\repository\commons-discovery\commons-discovery\0.4\commons-discovery-0.4.jar;C:\Documents and Settings\surendranadhp.IN\.m2\repository\org\jdom\jdom\1.1\jdom-1.1.jar;C:\Documents and Settings\surendranadhp.IN\.m2\repository\xerces\xercesImpl\2.8.1\xercesImpl-2.8.1.jar;C:\Documents and Settings\surendranadhp.IN\.m2\repository\xalan\xalan\2.7.1\xalan-2.7.1.jar;C:\Documents and Settings\surendranadhp.IN\.m2\repository\xalan\serializer\2.7.1\serializer-2.7.1.jar;C:\Documents and Settings\surendranadhp.IN\.m2\repository\wsdl4j\wsdl4j\1.5.2\wsdl4j-1.5.2.jar;C:\Documents and Settings\surendranadhp.IN\.m2\repository\jug\jug-asl\2.0.0\jug-asl-2.0.0.jar;C:\Documents and Settings\surendranadhp.IN\.m2\repository\commons-beanutils\commons-beanutils\1.6\commons-beanutils-1.6.jar;C:\Documents and Settings\surendranadhp.IN\.m2\repository\commons-lang\commons-lang\2.4\commons-lang-2.4.jar;C:\Documents and Settings\surendranadhp.IN\.m2\repository\commons-validator\commons-validator\1.3.1\commons-validator-1.3.1.jar;C:\Documents and Settings\surendranadhp.IN\.m2\repository\commons-digester\commons-digester\2.0\commons-digester-2.0.jar;C:\Documents and Settings\surendranadhp.IN\.m2\repository\crimson\crimson\1.1.3\crimson-1.1.3.jar;C:\Documents and Settings\surendranadhp.IN\.m2\repository\commons-codec\commons-codec\1.4\commons-codec-1.4.jar;C:\Documents and Settings\surendranadhp.IN\.m2\repository\commons-collections\commons-collections\3.2.1\commons-collections-3.2.1.jar;C:\Documents and Settings\surendranadhp.IN\.m2\repository\javax\xml\bind\jaxb-api\2.1\jaxb-api-2.1.jar;C:\Documents and Settings\surendranadhp.IN\.m2\repository\javax\xml\stream\stax-api\1.0-2\stax-api-1.0-2.jar;C:\Documents and Settings\surendranadhp.IN\.m2\repository\javax\activation\activation\1.1\activation-1.1.jar;C:\Documents and Settings\surendranadhp.IN\.m2\repository\junit\junit\4.8.1\junit-4.8.1.jar;C:\Documents and Settings\surendranadhp.IN\.m2\repository\com\smartequip\common\core\2.4.0\core-2.4.0.jar;C:\Documents and Settings\surendranadhp.IN\.m2\repository\com\smartequip\common\core-model-stubs\2.4.0\core-model-stubs-2.4.0.jar;C:\Documents and Settings\surendranadhp.IN\.m2\repository\java\sun\fscontext\1.2-beta3\fscontext-1.2-beta3.jar;C:\Documents and Settings\surendranadhp.IN\.m2\repository\java\sun\providerutil\1.2-beta3\providerutil-1.2-beta3.jar;C:\Documents and Settings\surendranadhp.IN\.m2\repository\org\sonatype\plexus\plexus-sec-dispatcher\1.3\plexus-sec-dispatcher-1.3.jar;C:\Documents and Settings\surendranadhp.IN\.m2\repository\org\codehaus\plexus\plexus-utils\1.5.5\plexus-utils-1.5.5.jar;C:\Documents and Settings\surendranadhp.IN\.m2\repository\org\sonatype\plexus\plexus-cipher\1.4\plexus-cipher-1.4.jar;C:\Documents and Settings\surendranadhp.IN\.m2\repository\plexus\plexus-log4j-logging\1.0\plexus-log4j-logging-1.0.jar;C:\Documents and Settings\surendranadhp.IN\.m2\repository\plexus\plexus-container-default\1.0-alpha-2\plexus-container-default-1.0-alpha-2.jar;C:\Documents and Settings\surendranadhp.IN\.m2\repository\org\codehaus\btm\btm\1.3.3\btm-1.3.3.jar;C:\Documents and Settings\surendranadhp.IN\.m2\repository\org\apache\geronimo\specs\geronimo-jms_1.1_spec\1.0.1\geronimo-jms_1.1_spec-1.0.1.jar;C:\Documents and Settings\surendranadhp.IN\.m2\repository\org\apache\geronimo\specs\geronimo-jta_1.0.1B_spec\1.0.1\geronimo-jta_1.0.1B_spec-1.0.1.jar;C:\Documents and Settings\surendranadhp.IN\.m2\repository\org\slf4j\slf4j-api\1.6.1\slf4j-api-1.6.1.jar;C:\Documents and Settings\surendranadhp.IN\.m2\repository\org\apache\httpcomponents\httpclient\4.0.1\httpclient-4.0.1.jar;C:\Documents and Settings\surendranadhp.IN\.m2\repository\org\apache\httpcomponents\httpcore\4.0.1\httpcore-4.0.1.jar;C:\Documents and Settings\surendranadhp.IN\.m2\repository\org\apache\httpcomponents\httpmime\4.0.1\httpmime-4.0.1.jar;C:\Documents and Settings\surendranadhp.IN\.m2\repository\org\apache\james\apache-mime4j\0.6\apache-mime4j-0.6.jar;C:\Documents and Settings\surendranadhp.IN\.m2\repository\net\sf\ehcache\ehcache\1.6.0\ehcache-1.6.0.jar;C:\Documents and Settings\surendranadhp.IN\.m2\repository\commons-configuration\commons-configuration\1.6\commons-configuration-1.6.jar;C:\Documents and Settings\surendranadhp.IN\.m2\repository\commons-beanutils\commons-beanutils-core\1.8.0\commons-beanutils-core-1.8.0.jar;C:\Documents and Settings\surendranadhp.IN\.m2\repository\mysql\mysql-connector-java\5.1.12\mysql-connector-java-5.1.12.jar;C:\Documents and Settings\surendranadhp.IN\.m2\repository\commons-pool\commons-pool\1.5.4\commons-pool-1.5.4.jar;C:\Documents and Settings\surendranadhp.IN\.m2\repository\commons-io\commons-io\1.4\commons-io-1.4.jar;C:\Documents and Settings\surendranadhp.IN\.m2\repository\commons-httpclient\commons-httpclient\3.1\commons-httpclient-3.1.jar;C:\Documents and Settings\surendranadhp.IN\.m2\repository\org\hibernate\hibernate-core\3.5.5-Final\hibernate-core-3.5.5-Final.jar;C:\Documents and Settings\surendranadhp.IN\.m2\repository\antlr\antlr\2.7.6\antlr-2.7.6.jar;C:\Documents and Settings\surendranadhp.IN\.m2\repository\javax\transaction\jta\1.1\jta-1.1.jar;C:\Documents and Settings\surendranadhp.IN\.m2\repository\org\hibernate\hibernate-jmx\3.5.5-Final\hibernate-jmx-3.5.5-Final.jar;C:\Documents and Settings\surendranadhp.IN\.m2\repository\org\hibernate\hibernate-annotations\3.5.5-Final\hibernate-annotations-3.5.5-Final.jar;C:\Documents and Settings\surendranadhp.IN\.m2\repository\org\hibernate\hibernate-commons-annotations\3.2.0.Final\hibernate-commons-annotations-3.2.0.Final.jar;C:\Documents and Settings\surendranadhp.IN\.m2\repository\org\hibernate\javax\persistence\hibernate-jpa-2.0-api\1.0.0.Final\hibernate-jpa-2.0-api-1.0.0.Final.jar;C:\Documents and Settings\surendranadhp.IN\.m2\repository\org\hibernate\hibernate-search\3.2.0.Final\hibernate-search-3.2.0.Final.jar;C:\Documents and Settings\surendranadhp.IN\.m2\repository\org\apache\lucene\lucene-core\2.9.2\lucene-core-2.9.2.jar;C:\Documents and Settings\surendranadhp.IN\.m2\repository\org\apache\solr\solr-core\1.4.0\solr-core-1.4.0.jar;C:\Documents and Settings\surendranadhp.IN\.m2\repository\org\apache\solr\solr-solrj\1.4.0\solr-solrj-1.4.0.jar;C:\Documents and Settings\surendranadhp.IN\.m2\repository\org\apache\lucene\lucene-snowball\2.9.2\lucene-snowball-2.9.2.jar;C:\Documents and Settings\surendranadhp.IN\.m2\repository\org\apache\lucene\lucene-analyzers\2.9.2\lucene-analyzers-2.9.2.jar;C:\Documents and Settings\surendranadhp.IN\.m2\repository\cglib\cglib\2.2\cglib-2.2.jar;C:\Documents and Settings\surendranadhp.IN\.m2\repository\asm\asm\3.1\asm-3.1.jar;C:\Documents and Settings\surendranadhp.IN\.m2\repository\asm\asm-all\3.2\asm-all-3.2.jar;C:\Documents and Settings\surendranadhp.IN\.m2\repository\javassist\javassist\3.4.GA\javassist-3.4.GA.jar;C:\Documents and Settings\surendranadhp.IN\.m2\repository\org\slf4j\slf4j-log4j12\1.6.1\slf4j-log4j12-1.6.1.jar;C:\Documents and Settings\surendranadhp.IN\.m2\repository\javax\persistence\persistence-api\1.0\persistence-api-1.0.jar;C:\Documents and Settings\surendranadhp.IN\.m2\repository\org\springframework\spring-core\3.0.4.RELEASE\spring-core-3.0.4.RELEASE.jar;C:\Documents and Settings\surendranadhp.IN\.m2\repository\org\springframework\spring-asm\3.0.4.RELEASE\spring-asm-3.0.4.RELEASE.jar;C:\Documents and Settings\surendranadhp.IN\.m2\repository\org\springframework\spring-beans\3.0.4.RELEASE\spring-beans-3.0.4.RELEASE.jar;C:\Documents and Settings\surendranadhp.IN\.m2\repository\org\springframework\spring-jdbc\3.0.4.RELEASE\spring-jdbc-3.0.4.RELEASE.jar;C:\Documents and Settings\surendranadhp.IN\.m2\repository\org\springframework\spring-tx\3.0.4.RELEASE\spring-tx-3.0.4.RELEASE.jar;C:\Documents and Settings\surendranadhp.IN\.m2\repository\aopalliance\aopalliance\1.0\aopalliance-1.0.jar;C:\Documents and Settings\surendranadhp.IN\.m2\repository\org\springframework\spring-aop\3.0.4.RELEASE\spring-aop-3.0.4.RELEASE.jar;C:\Documents and Settings\surendranadhp.IN\.m2\repository\org\springframework\spring-context\3.0.4.RELEASE\spring-context-3.0.4.RELEASE.jar;C:\Documents and Settings\surendranadhp.IN\.m2\repository\org\springframework\spring-expression\3.0.4.RELEASE\spring-expression-3.0.4.RELEASE.jar;C:\Documents and Settings\surendranadhp.IN\.m2\repository\org\springframework\spring-orm\3.0.4.RELEASE\spring-orm-3.0.4.RELEASE.jar;C:\Documents and Settings\surendranadhp.IN\.m2\repository\org\springframework\spring-aspects\3.0.4.RELEASE\spring-aspects-3.0.4.RELEASE.jar;C:\Documents and Settings\surendranadhp.IN\.m2\repository\org\springframework\spring-context-support\3.0.4.RELEASE\spring-context-support-3.0.4.RELEASE.jar;C:\Documents and Settings\surendranadhp.IN\.m2\repository\org\springframework\spring-test\3.0.4.RELEASE\spring-test-3.0.4.RELEASE.jar;C:\Documents and Settings\surendranadhp.IN\.m2\repository\org\springmodules\spring-modules-jakarta-commons\0.8a\spring-modules-jakarta-commons-0.8a.jar;C:\Documents and Settings\surendranadhp.IN\.m2\repository\commons-chain\commons-chain\1.1\commons-chain-1.1.jar;C:\Documents and Settings\surendranadhp.IN\.m2\repository\javax\portlet\portlet-api\1.0\portlet-api-1.0.jar;C:\Documents and Settings\surendranadhp.IN\.m2\repository\myfaces\myfaces-api\1.1.0\myfaces-api-1.1.0.jar;C:\Documents and Settings\surendranadhp.IN\.m2\repository\commons-el\commons-el\1.0\commons-el-1.0.jar;C:\Documents and Settings\surendranadhp.IN\.m2\repository\commons-fileupload\commons-fileupload\1.2.2\commons-fileupload-1.2.2.jar;C:\Documents and Settings\surendranadhp.IN\.m2\repository\oro\oro\2.0.8\oro-2.0.8.jar;C:\Documents and Settings\surendranadhp.IN\.m2\repository\javax\servlet\jstl\1.2\jstl-1.2.jar;C:\Documents and Settings\surendranadhp.IN\.m2\repository\org\springframework\spring-web\3.0.4.RELEASE\spring-web-3.0.4.RELEASE.jar;C:\Documents and Settings\surendranadhp.IN\.m2\repository\org\springframework\spring-webmvc\3.0.4.RELEASE\spring-webmvc-3.0.4.RELEASE.jar;C:\Documents and Settings\surendranadhp.IN\.m2\repository\com\thoughtworks\xstream\xstream\1.3.1\xstream-1.3.1.jar;C:\Documents and Settings\surendranadhp.IN\.m2\repository\xpp3\xpp3_min\1.1.4c\xpp3_min-1.1.4c.jar;C:\Documents and Settings\surendranadhp.IN\.m2\repository\xmlunit\xmlunit\1.3\xmlunit-1.3.jar;C:\Documents and Settings\surendranadhp.IN\.m2\repository\org\powermock\api\powermock-api-mockito\1.3.1\powermock-api-mockito-1.3.1.jar;C:\Documents and Settings\surendranadhp.IN\.m2\repository\org\mockito\mockito-all\1.8.0\mockito-all-1.8.0.jar;C:\Documents and Settings\surendranadhp.IN\.m2\repository\org\powermock\api\powermock-api-support\1.3.1\powermock-api-support-1.3.1.jar;C:\Documents and Settings\surendranadhp.IN\.m2\repository\org\powermock\powermock-core\1.3.1\powermock-core-1.3.1.jar;C:\Documents and Settings\surendranadhp.IN\.m2\repository\org\powermock\reflect\powermock-reflect\1.3.1\powermock-reflect-1.3.1.jar;C:\Documents and Settings\surendranadhp.IN\.m2\repository\org\objenesis\objenesis\1.1\objenesis-1.1.jar;C:\Documents and Settings\surendranadhp.IN\.m2\repository\org\jmock\jmock\2.5.1\jmock-2.5.1.jar;C:\Documents and Settings\surendranadhp.IN\.m2\repository\org\hamcrest\hamcrest-core\1.1\hamcrest-core-1.1.jar;C:\Documents and Settings\surendranadhp.IN\.m2\repository\org\hamcrest\hamcrest-library\1.1\hamcrest-library-1.1.jar;C:\Documents and Settings\surendranadhp.IN\.m2\repository\org\jmock\jmock-junit4\2.5.1\jmock-junit4-2.5.1.jar;C:\Documents and Settings\surendranadhp.IN\.m2\repository\org\subethamail\subethasmtp-wiser\1.2\subethasmtp-wiser-1.2.jar;C:\Documents and Settings\surendranadhp.IN\.m2\repository\org\subethamail\subethasmtp-smtp\1.2\subethasmtp-smtp-1.2.jar;C:\Documents and Settings\surendranadhp.IN\.m2\repository\javax\mail\mail\1.4.3\mail-1.4.3.jar;"/>
    <property name="java.vm.specification.version" value="1.0"/>
    <property name="sun.arch.data.model" value="32"/>
    <property name="java.home" value="C:\Program Files\Java\jdk1.6.0_20\jre"/>
    <property name="java.specification.vendor" value="Sun Microsystems Inc."/>
    <property name="user.language" value="en"/>
    <property name="awt.toolkit" value="sun.awt.windows.WToolkit"/>
    <property name="java.vm.info" value="mixed mode"/>
    <property name="java.version" value="1.6.0_20"/>
    <property name="java.ext.dirs" value="C:\Program Files\Java\jdk1.6.0_20\jre\lib\ext;C:\WINDOWS\Sun\Java\lib\ext"/>
    <property name="sun.boot.class.path" value="C:\Program Files\Java\jdk1.6.0_20\jre\lib\resources.jar;C:\Program Files\Java\jdk1.6.0_20\jre\lib\rt.jar;C:\Program Files\Java\jdk1.6.0_20\jre\lib\sunrsasign.jar;C:\Program Files\Java\jdk1.6.0_20\jre\lib\jsse.jar;C:\Program Files\Java\jdk1.6.0_20\jre\lib\jce.jar;C:\Program Files\Java\jdk1.6.0_20\jre\lib\charsets.jar;C:\Program Files\Java\jdk1.6.0_20\jre\classes"/>
    <property name="java.vendor" value="Sun Microsystems Inc."/>
    <property name="localRepository" value="C:\Documents and Settings\surendranadhp.IN\.m2\repository"/>
    <property name="file.separator" value="\"/>
    <property name="java.vendor.url.bug" value="http://java.sun.com/cgi-bin/bugreport.cgi"/>
    <property name="sun.cpu.endian" value="little"/>
    <property name="sun.io.unicode.encoding" value="UnicodeLittle"/>
    <property name="sun.desktop" value="windows"/>
    <property name="sun.cpu.isalist" value="pentium_pro+mmx pentium_pro pentium+mmx pentium i486 i386 i86"/>
  </properties>
  <testcase time="0" classname="com.cxmlpunchout.db.OrderCreatePeerTest" name="com.cxmlpunchout.db.OrderCreatePeerTest">
    <skipped/>
  </testcase>
</testsuite>